{
  "RSpec": {
    "coverage": {
      "/Users/haleyswain/Documents/Epicodus Projects/adventure-oats/spec/models/products_spec.rb": [
        1,
        1,
        2,
        2,
        null
      ],
      "/Users/haleyswain/Documents/Epicodus Projects/adventure-oats/spec/rails_helper.rb": [
        null,
        1,
        1,
        null,
        1,
        1,
        1,
        null,
        null,
        null,
        null,
        null,
        null,
        null,
        null,
        null,
        null,
        null,
        null,
        null,
        null,
        null,
        null,
        null,
        null,
        null,
        1,
        null,
        1,
        null,
        1,
        null,
        null,
        null,
        null,
        1,
        null,
        null,
        null,
        null,
        null,
        null,
        null,
        null,
        null,
        null,
        null,
        null,
        null,
        null,
        1,
        null,
        null,
        1,
        null,
        null,
        null,
        1,
        1,
        1,
        1,
        null,
        null
      ],
      "/Users/haleyswain/Documents/Epicodus Projects/adventure-oats/config/environment.rb": [
        null,
        1,
        null,
        null,
        1
      ],
      "/Users/haleyswain/Documents/Epicodus Projects/adventure-oats/config/application.rb": [
        1,
        null,
        1,
        null,
        1,
        1,
        1,
        1,
        1,
        1,
        1,
        1,
        null,
        null,
        null,
        null,
        1,
        null,
        1,
        1,
        null,
        null,
        null,
        null,
        null
      ],
      "/Users/haleyswain/Documents/Epicodus Projects/adventure-oats/config/boot.rb": [
        1,
        null,
        1
      ],
      "/Users/haleyswain/Documents/Epicodus Projects/adventure-oats/config/spring.rb": [
        null,
        null,
        null,
        null,
        null,
        5
      ],
      "/Users/haleyswain/Documents/Epicodus Projects/adventure-oats/config/environments/test.rb": [
        1,
        null,
        null,
        null,
        null,
        null,
        null,
        1,
        null,
        null,
        null,
        null,
        1,
        null,
        null,
        1,
        1,
        null,
        null,
        null,
        null,
        1,
        1,
        null,
        null,
        1,
        null,
        null,
        1,
        1,
        null,
        null,
        null,
        null,
        1,
        null,
        null,
        1,
        null,
        null,
        null,
        null
      ],
      "/Users/haleyswain/Documents/Epicodus Projects/adventure-oats/config/initializers/application_controller_renderer.rb": [
        null,
        null,
        null,
        null,
        null,
        null
      ],
      "/Users/haleyswain/Documents/Epicodus Projects/adventure-oats/config/initializers/assets.rb": [
        null,
        null,
        null,
        1,
        1,
        1,
        null,
        null,
        null,
        null,
        null,
        null
      ],
      "/Users/haleyswain/Documents/Epicodus Projects/adventure-oats/config/initializers/backtrace_silencers.rb": [
        null,
        null,
        null,
        null,
        null,
        null,
        null
      ],
      "/Users/haleyswain/Documents/Epicodus Projects/adventure-oats/config/initializers/cookies_serializer.rb": [
        null,
        null,
        null,
        null,
        1
      ],
      "/Users/haleyswain/Documents/Epicodus Projects/adventure-oats/config/initializers/devise.rb": [
        null,
        null,
        1,
        null,
        null,
        null,
        null,
        null,
        null,
        null,
        null,
        null,
        null,
        null,
        1,
        null,
        null,
        null,
        null,
        null,
        null,
        null,
        null,
        null,
        null,
        null,
        1,
        null,
        null,
        null,
        null,
        null,
        null,
        null,
        null,
        null,
        null,
        null,
        null,
        null,
        null,
        null,
        null,
        null,
        null,
        null,
        null,
        null,
        1,
        null,
        null,
        null,
        null,
        1,
        null,
        null,
        null,
        null,
        null,
        null,
        null,
        null,
        null,
        null,
        null,
        null,
        null,
        null,
        null,
        null,
        null,
        null,
        null,
        null,
        null,
        null,
        null,
        null,
        null,
        null,
        null,
        null,
        null,
        null,
        1,
        null,
        null,
        null,
        null,
        null,
        null,
        null,
        null,
        null,
        null,
        null,
        null,
        null,
        null,
        null,
        null,
        null,
        null,
        null,
        null,
        null,
        null,
        1,
        null,
        null,
        null,
        null,
        null,
        null,
        null,
        null,
        null,
        null,
        null,
        null,
        null,
        null,
        null,
        null,
        null,
        null,
        null,
        null,
        null,
        null,
        null,
        null,
        null,
        null,
        null,
        1,
        null,
        null,
        null,
        null,
        null,
        null,
        null,
        null,
        null,
        1,
        null,
        null,
        null,
        null,
        null,
        null,
        null,
        null,
        null,
        null,
        1,
        null,
        null,
        null,
        null,
        1,
        null,
        null,
        null,
        null,
        null,
        null,
        null,
        null,
        null,
        null,
        null,
        null,
        null,
        null,
        null,
        null,
        null,
        null,
        null,
        null,
        null,
        null,
        null,
        null,
        null,
        null,
        null,
        null,
        null,
        null,
        null,
        null,
        null,
        null,
        null,
        null,
        null,
        null,
        null,
        null,
        1,
        null,
        null,
        null,
        null,
        null,
        null,
        null,
        null,
        null,
        null,
        null,
        null,
        null,
        null,
        null,
        null,
        null,
        null,
        null,
        1,
        null,
        null,
        null,
        null,
        null,
        null,
        null,
        null,
        null,
        null,
        null,
        null,
        null,
        null,
        null,
        null,
        null,
        null,
        null,
        null,
        null,
        1,
        null,
        null,
        null,
        null,
        null,
        null,
        null,
        null,
        null,
        null,
        null,
        null,
        null,
        null,
        null,
        null,
        null,
        null,
        null,
        null,
        null,
        null,
        null,
        null,
        null,
        null,
        null,
        null,
        null
      ],
      "/Users/haleyswain/Documents/Epicodus Projects/adventure-oats/config/initializers/filter_parameter_logging.rb": [
        null,
        null,
        null,
        1
      ],
      "/Users/haleyswain/Documents/Epicodus Projects/adventure-oats/config/initializers/inflections.rb": [
        null,
        null,
        null,
        null,
        null,
        null,
        null,
        null,
        null,
        null,
        null,
        null,
        null,
        null,
        null,
        null
      ],
      "/Users/haleyswain/Documents/Epicodus Projects/adventure-oats/config/initializers/instagram.rb": [
        1,
        1,
        1,
        1,
        null
      ],
      "/Users/haleyswain/Documents/Epicodus Projects/adventure-oats/config/initializers/mime_types.rb": [
        null,
        null,
        null,
        null
      ],
      "/Users/haleyswain/Documents/Epicodus Projects/adventure-oats/config/initializers/new_framework_defaults.rb": [
        null,
        null,
        null,
        null,
        null,
        null,
        null,
        1,
        null,
        null,
        1,
        null,
        null,
        null,
        1,
        null,
        null,
        1,
        null,
        null,
        1,
        null,
        null,
        1
      ],
      "/Users/haleyswain/Documents/Epicodus Projects/adventure-oats/config/initializers/rails_admin.rb": [
        1,
        null,
        null,
        null,
        null,
        null,
        null,
        null,
        null,
        null,
        null,
        null,
        null,
        null,
        null,
        null,
        null,
        null,
        null,
        null,
        null,
        null,
        null,
        null,
        null,
        1,
        1,
        1,
        1,
        1,
        1,
        1,
        1,
        1,
        1,
        null,
        null,
        null,
        null,
        null,
        null
      ],
      "/Users/haleyswain/Documents/Epicodus Projects/adventure-oats/config/initializers/session_store.rb": [
        null,
        null,
        1
      ],
      "/Users/haleyswain/Documents/Epicodus Projects/adventure-oats/config/initializers/wrap_parameters.rb": [
        null,
        null,
        null,
        null,
        null,
        null,
        1,
        2,
        null,
        null,
        null,
        null,
        null,
        null
      ],
      "/Users/haleyswain/Documents/Epicodus Projects/adventure-oats/config/routes.rb": [
        1,
        1,
        1,
        1,
        null,
        1,
        1,
        null,
        null,
        1,
        1,
        1,
        null,
        null
      ],
      "/Users/haleyswain/Documents/Epicodus Projects/adventure-oats/app/models/user.rb": [
        1,
        null,
        null,
        1,
        1,
        1,
        null,
        null,
        1,
        null
      ],
      "/Users/haleyswain/Documents/Epicodus Projects/adventure-oats/app/controllers/application_controller.rb": [
        1,
        null,
        1,
        1,
        null,
        1,
        null,
        1,
        0,
        0,
        null,
        null
      ],
      "/Users/haleyswain/Documents/Epicodus Projects/adventure-oats/app/helpers/application_helper.rb": [
        1,
        null
      ],
      "/Users/haleyswain/Documents/Epicodus Projects/adventure-oats/app/channels/application_cable/channel.rb": [
        1,
        1,
        null,
        null
      ],
      "/Users/haleyswain/Documents/Epicodus Projects/adventure-oats/app/channels/application_cable/connection.rb": [
        1,
        1,
        null,
        null
      ],
      "/Users/haleyswain/Documents/Epicodus Projects/adventure-oats/app/controllers/about_controller.rb": [
        1,
        null,
        1,
        null,
        null
      ],
      "/Users/haleyswain/Documents/Epicodus Projects/adventure-oats/app/controllers/adventures_controller.rb": [
        1,
        1,
        null,
        1,
        0,
        0,
        0,
        null,
        null
      ],
      "/Users/haleyswain/Documents/Epicodus Projects/adventure-oats/app/controllers/contact_controller.rb": [
        1,
        null,
        1,
        null,
        null
      ],
      "/Users/haleyswain/Documents/Epicodus Projects/adventure-oats/app/controllers/home_controller.rb": [
        1,
        null,
        1,
        0,
        null,
        null
      ],
      "/Users/haleyswain/Documents/Epicodus Projects/adventure-oats/app/controllers/products_controller.rb": [
        1,
        null,
        1,
        0,
        0,
        null,
        null,
        1,
        0,
        null,
        null,
        1,
        0,
        0,
        0,
        null,
        null,
        1,
        1,
        0,
        null,
        null
      ],
      "/Users/haleyswain/Documents/Epicodus Projects/adventure-oats/app/controllers/reviews_controller.rb": [
        1,
        1,
        null,
        1,
        0,
        0,
        null,
        null,
        1,
        0,
        0,
        0,
        0,
        0,
        0,
        null,
        0,
        null,
        null,
        null,
        1,
        0,
        0,
        null,
        null,
        1,
        0,
        0,
        0,
        0,
        null,
        0,
        null,
        null,
        null,
        1,
        0,
        0,
        0,
        0,
        null,
        null,
        1,
        1,
        0,
        null,
        null
      ],
      "/Users/haleyswain/Documents/Epicodus Projects/adventure-oats/app/jobs/application_job.rb": [
        1,
        null
      ],
      "/Users/haleyswain/Documents/Epicodus Projects/adventure-oats/app/mailers/application_mailer.rb": [
        1,
        1,
        1,
        null
      ],
      "/Users/haleyswain/Documents/Epicodus Projects/adventure-oats/app/models/application_record.rb": [
        1,
        1,
        null
      ],
      "/Users/haleyswain/Documents/Epicodus Projects/adventure-oats/app/models/product.rb": [
        1,
        1,
        null,
        1,
        1,
        null,
        null,
        1,
        null,
        null,
        null,
        null,
        1,
        1,
        3,
        null,
        1,
        null
      ],
      "/Users/haleyswain/Documents/Epicodus Projects/adventure-oats/app/models/review.rb": [
        1,
        1,
        1,
        1,
        1,
        null,
        1,
        1,
        null
      ],
      "/Users/haleyswain/Documents/Epicodus Projects/adventure-oats/spec/models/user_spec.rb": [
        1,
        null,
        1,
        2,
        null
      ]
    },
    "timestamp": 1489009422
  }
}
